<?xml version="1.0" encoding="UTF-8"?>
<!-- Generated by org.testng.reporters.JUnitXMLReporter -->
<testsuite hostname="QAPLANET-PC" ignored="0" name="Default test" tests="5" failures="0" timestamp="02 Jan 2020 07:29:34 GMT" time="134.902" errors="0">
  <testcase name="button" time="10.594" classname="selenium.NewTest"/>
  <testcase name="cheakbox" time="7.443" classname="selenium.NewTest"/>
  <testcase name="listfield" time="6.536" classname="selenium.NewTest"/>
  <testcase name="multilist" time="9.551" classname="selenium.NewTest"/>
  <testcase name="radiobutton" time="3.214" classname="selenium.NewTest"/>
</testsuite> <!-- Default test -->
