<?xml version="1.0" encoding="UTF-8"?>
<testng-results skipped="0" failed="0" ignored="0" total="2" passed="2">
  <reporter-output>
  </reporter-output>
  <suite name="Default suite" duration-ms="33045" started-at="2020-01-02T06:31:26Z" finished-at="2020-01-02T06:31:59Z">
    <groups>
    </groups>
    <test name="Default test" duration-ms="33045" started-at="2020-01-02T06:31:26Z" finished-at="2020-01-02T06:31:59Z">
      <class name="selenium.NewTest">
        <test-method status="PASS" signature="b()[pri:0, instance:selenium.NewTest@f4468b]" name="b" is-config="true" duration-ms="5672" started-at="2020-01-02T12:01:26Z" finished-at="2020-01-02T12:01:31Z">
          <reporter-output>
          </reporter-output>
        </test-method> <!-- b -->
        <test-method status="PASS" signature="cheakbox()[pri:0, instance:selenium.NewTest@f4468b]" name="cheakbox" duration-ms="7821" started-at="2020-01-02T12:01:31Z" finished-at="2020-01-02T12:01:39Z">
          <reporter-output>
          </reporter-output>
        </test-method> <!-- cheakbox -->
        <test-method status="PASS" signature="a()[pri:0, instance:selenium.NewTest@f4468b]" name="a" is-config="true" duration-ms="2085" started-at="2020-01-02T12:01:39Z" finished-at="2020-01-02T12:01:41Z">
          <reporter-output>
          </reporter-output>
        </test-method> <!-- a -->
        <test-method status="PASS" signature="b()[pri:0, instance:selenium.NewTest@f4468b]" name="b" is-config="true" duration-ms="12155" started-at="2020-01-02T12:01:41Z" finished-at="2020-01-02T12:01:54Z">
          <reporter-output>
          </reporter-output>
        </test-method> <!-- b -->
        <test-method status="PASS" signature="radiobutton()[pri:0, instance:selenium.NewTest@f4468b]" name="radiobutton" duration-ms="3219" started-at="2020-01-02T12:01:54Z" finished-at="2020-01-02T12:01:57Z">
          <reporter-output>
          </reporter-output>
        </test-method> <!-- radiobutton -->
        <test-method status="PASS" signature="a()[pri:0, instance:selenium.NewTest@f4468b]" name="a" is-config="true" duration-ms="2077" started-at="2020-01-02T12:01:57Z" finished-at="2020-01-02T12:01:59Z">
          <reporter-output>
          </reporter-output>
        </test-method> <!-- a -->
      </class> <!-- selenium.NewTest -->
    </test> <!-- Default test -->
  </suite> <!-- Default suite -->
</testng-results>
